<?xml version="1.0" encoding="UTF-8"?>
<!-- Generated by org.testng.reporters.JUnitReportReporter -->
<testsuite hostname="DESKTOP-7LU83AO" failures="0" tests="1" name="test.LoginTest" time="5.651" errors="0" timestamp="2023-10-15T05:06:21 CDT" skipped="0">
  <testcase classname="test.LoginTest" name="validUserShouldBeAbleToLogin" time="5.651"/>
</testsuite> <!-- test.LoginTest -->
