<?xml version="1.0" encoding="UTF-8"?>
<!-- Generated by org.testng.reporters.JUnitReportReporter -->
<testsuite hostname="DESKTOP-7LU83AO" failures="0" tests="1" name="test.AddCustomerTest" time="17.130" errors="0" timestamp="2023-10-16T20:05:48 CDT" skipped="0">
  <testcase classname="test.AddCustomerTest" name="validCustomerShouldBeAbleToCreateCustomer" time="17.130"/>
</testsuite> <!-- test.AddCustomerTest -->
